<?xml version="1.0" encoding="UTF-8"?>
<!-- Generated by org.testng.reporters.JUnitReportReporter -->
<testsuite hostname="DESKTOP-2CMKCIE" failures="0" tests="1" name="JSONManipulation.ComplexJSONToJavaMap" time="2.059" errors="0" timestamp="2023-04-29T12:27:22 IST" skipped="0">
  <testcase classname="JSONManipulation.ComplexJSONToJavaMap" name="demo" time="2.059"/>
  <system-out/>
</testsuite> <!-- JSONManipulation.ComplexJSONToJavaMap -->
