<?xml version="1.0" encoding="UTF-8"?>
<!-- Generated by org.testng.reporters.JUnitReportReporter -->
<testsuite hostname="DESKTOP-2CMKCIE" failures="0" tests="1" name="ignoreUnknownPropertiesDuringDeSerilization.Demo" time="0.138" errors="0" timestamp="2023-05-03T10:04:12 IST" skipped="0">
  <testcase classname="ignoreUnknownPropertiesDuringDeSerilization.Demo" name="Demo" time="0.138"/>
  <system-out/>
</testsuite> <!-- ignoreUnknownPropertiesDuringDeSerilization.Demo -->
