<?xml version="1.0" encoding="UTF-8"?>
<!-- Generated by org.testng.reporters.JUnitReportReporter -->
<testsuite hostname="DESKTOP-2CMKCIE" failures="0" tests="1" name="deserilizarionOfJsonResponse.Demo" time="2.070" errors="0" timestamp="2023-04-28T11:40:05 IST" skipped="0">
  <testcase classname="deserilizarionOfJsonResponse.Demo" name="deserlizate" time="2.070"/>
  <system-out/>
</testsuite> <!-- deserilizarionOfJsonResponse.Demo -->
