<?xml version="1.0" encoding="UTF-8"?>
<!-- Generated by org.testng.reporters.JUnitReportReporter -->
<testsuite hostname="DESKTOP-2CMKCIE" failures="0" tests="1" name="uploadFile.FileUploadDemo" time="2.033" errors="0" timestamp="2023-04-29T13:33:51 IST" skipped="0">
  <testcase classname="uploadFile.FileUploadDemo" name="demo" time="2.033"/>
  <system-out/>
</testsuite> <!-- uploadFile.FileUploadDemo -->
