<?xml version="1.0" encoding="UTF-8"?>
<!-- Generated by org.testng.reporters.JUnitReportReporter -->
<testsuite hostname="DESKTOP-2CMKCIE" failures="0" tests="1" name="JSONArrayRequestBody.JSONArrayRequestBodyDemo" time="2.256" errors="0" timestamp="2023-04-29T12:34:03 IST" skipped="0">
  <testcase classname="JSONArrayRequestBody.JSONArrayRequestBodyDemo" name="test" time="2.256"/>
  <system-out/>
</testsuite> <!-- JSONArrayRequestBody.JSONArrayRequestBodyDemo -->
