<?xml version="1.0" encoding="UTF-8"?>
<!-- Generated by org.testng.reporters.JUnitReportReporter -->
<testsuite hostname="DESKTOP-2CMKCIE" failures="0" tests="1" name="IgnoreNullDefaultEmptyValuesInPayload.Demo" time="2.613" errors="0" timestamp="2023-05-03T09:01:52 IST" skipped="0">
  <testcase classname="IgnoreNullDefaultEmptyValuesInPayload.Demo" name="demo" time="2.613"/>
  <system-out/>
</testsuite> <!-- IgnoreNullDefaultEmptyValuesInPayload.Demo -->
