<?xml version="1.0" encoding="UTF-8"?>
<!-- Generated by org.testng.reporters.JUnitReportReporter -->
<testsuite hostname="DESKTOP-2CMKCIE" failures="0" tests="1" name="JSONManipulation.JSONObjectUsingJavaMap" time="3.399" errors="0" timestamp="2023-04-29T12:10:57 IST" skipped="0">
  <testcase classname="JSONManipulation.JSONObjectUsingJavaMap" name="createAuthToken" time="3.399"/>
  <system-out/>
</testsuite> <!-- JSONManipulation.JSONObjectUsingJavaMap -->
