<?xml version="1.0" encoding="UTF-8"?>
<!-- Generated by org.testng.reporters.JUnitReportReporter -->
<testsuite hostname="DESKTOP-2CMKCIE" failures="0" tests="1" name="validateHttpResponseStatus.validatableDemo" time="1.328" errors="0" timestamp="2023-04-27T11:53:13 IST" skipped="0">
  <testcase classname="validateHttpResponseStatus.validatableDemo" name="test01" time="1.328"/>
  <system-out/>
</testsuite> <!-- validateHttpResponseStatus.validatableDemo -->
