<?xml version="1.0" encoding="UTF-8"?>
<!-- Generated by org.testng.reporters.JUnitReportReporter -->
<testsuite hostname="DESKTOP-2CMKCIE" failures="0" tests="1" name="IgnoreFieldFromPojoClass.Demo" time="0.147" errors="0" timestamp="2023-05-03T09:19:42 IST" skipped="0">
  <testcase classname="IgnoreFieldFromPojoClass.Demo" name="demo" time="0.147"/>
  <system-out/>
</testsuite> <!-- IgnoreFieldFromPojoClass.Demo -->
