<?xml version="1.0" encoding="UTF-8"?>
<!-- Generated by org.testng.reporters.JUnitReportReporter -->
<testsuite hostname="DESKTOP-2CMKCIE" failures="0" tests="1" name="retriveQueryRequestSpecification.Demo" time="1.761" errors="0" timestamp="2023-04-29T10:37:35 IST" skipped="0">
  <testcase classname="retriveQueryRequestSpecification.Demo" name="demo" time="1.761"/>
  <system-out/>
</testsuite> <!-- retriveQueryRequestSpecification.Demo -->
