<?xml version="1.0" encoding="UTF-8"?>
<!-- Generated by org.testng.reporters.JUnitReportReporter -->
<testsuite hostname="DESKTOP-2CMKCIE" failures="0" tests="1" name="createPojoClassFromJsonData.SerializationAndDeserialization" time="4.907" errors="0" timestamp="2023-05-02T11:53:06 IST" skipped="0">
  <testcase classname="createPojoClassFromJsonData.SerializationAndDeserialization" name="testDemo" time="4.907"/>
  <system-out/>
</testsuite> <!-- createPojoClassFromJsonData.SerializationAndDeserialization -->
