<?xml version="1.0" encoding="UTF-8"?>
<!-- Generated by org.testng.reporters.JUnitReportReporter -->
<testsuite hostname="DESKTOP-2CMKCIE" failures="0" tests="1" name="NestedJsonPayload.DemoJsonNested" time="1.811" errors="0" timestamp="2023-05-03T08:17:46 IST" skipped="0">
  <testcase classname="NestedJsonPayload.DemoJsonNested" name="demoNested" time="1.811"/>
  <system-out/>
</testsuite> <!-- NestedJsonPayload.DemoJsonNested -->
