<?xml version="1.0" encoding="UTF-8"?>
<!-- Generated by org.testng.reporters.JUnitReportReporter -->
<testsuite hostname="DESKTOP-2CMKCIE" failures="0" tests="1" name="firstRequest.firstRequest" time="1.391" errors="0" timestamp="2023-05-02T09:37:53 IST" skipped="0">
  <testcase classname="firstRequest.firstRequest" name="testCase01" time="1.391"/>
  <system-out/>
</testsuite> <!-- firstRequest.firstRequest -->
