<?xml version="1.0" encoding="UTF-8"?>
<!-- Generated by org.testng.reporters.JUnitReportReporter -->
<testsuite hostname="DESKTOP-2CMKCIE" failures="0" tests="1" name="HowToAddHeadersinRequestSpecification.Demo" time="1.715" errors="0" timestamp="2023-05-03T10:57:58 IST" skipped="0">
  <testcase classname="HowToAddHeadersinRequestSpecification.Demo" name="demo" time="1.715"/>
  <system-out/>
</testsuite> <!-- HowToAddHeadersinRequestSpecification.Demo -->
