<?xml version="1.0" encoding="UTF-8"?>
<!-- Generated by org.testng.reporters.JUnitReportReporter -->
<testsuite hostname="DESKTOP-2CMKCIE" failures="0" tests="1" name="OAuth2.oAuthThenticationDemo" time="2.371" errors="0" timestamp="2023-04-28T10:52:39 IST" skipped="0">
  <testcase classname="OAuth2.oAuthThenticationDemo" name="demo" time="2.371"/>
  <system-out/>
</testsuite> <!-- OAuth2.oAuthThenticationDemo -->
