<?xml version="1.0" encoding="UTF-8"?>
<!-- Generated by org.testng.reporters.JUnitReportReporter -->
<testsuite hostname="DESKTOP-2CMKCIE" failures="0" tests="1" name="validateXMLResponse.validateXMLResponse" time="3.171" errors="0" timestamp="2023-04-29T11:12:52 IST" skipped="0">
  <testcase classname="validateXMLResponse.validateXMLResponse" name="test" time="3.171"/>
  <system-out/>
</testsuite> <!-- validateXMLResponse.validateXMLResponse -->
