<?xml version="1.0" encoding="UTF-8"?>
<!-- Generated by org.testng.reporters.JUnitReportReporter -->
<testsuite hostname="DESKTOP-2CMKCIE" failures="0" tests="1" name="validateJSONResponse.Test" time="0.008" errors="0" timestamp="2023-04-27T12:17:45 IST" skipped="0">
  <testcase classname="validateJSONResponse.Test" name="test" time="0.008"/>
  <system-out/>
</testsuite> <!-- validateJSONResponse.Test -->
