<?xml version="1.0" encoding="UTF-8"?>
<!-- Generated by org.testng.reporters.JUnitReportReporter -->
<testsuite hostname="DESKTOP-2CMKCIE" failures="0" tests="4" name="bddDemo.firstPOSTRequest" time="3.410" errors="0" timestamp="2023-04-27T11:19:39 IST" skipped="0">
  <testcase classname="bddDemo.firstPOSTRequest" name="patch" time="0.604"/>
  <system-out/>
  <testcase classname="bddDemo.firstPOSTRequest" name="delete" time="1.610"/>
  <system-out/>
  <testcase classname="bddDemo.firstPOSTRequest" name="put" time="0.636"/>
  <system-out/>
  <testcase classname="bddDemo.firstPOSTRequest" name="post" time="0.560"/>
  <system-out/>
</testsuite> <!-- bddDemo.firstPOSTRequest -->
