<?xml version="1.0" encoding="UTF-8"?>
<!-- Generated by org.testng.reporters.JUnitReportReporter -->
<testsuite hostname="DESKTOP-2CMKCIE" failures="0" tests="1" name="validateXMLResponse.GetTravellersDataXML" time="2.172" errors="0" timestamp="2023-04-29T11:47:01 IST" skipped="0">
  <testcase classname="validateXMLResponse.GetTravellersDataXML" name="getData" time="2.172"/>
  <system-out/>
</testsuite> <!-- validateXMLResponse.GetTravellersDataXML -->
