<?xml version="1.0" encoding="UTF-8"?>
<!-- Generated by org.testng.reporters.JUnitReportReporter -->
<testsuite hostname="DESKTOP-2CMKCIE" failures="0" tests="1" name="JSONArrayRequestBody.CreateJsonArrayUsingList" time="2.215" errors="0" timestamp="2023-04-29T12:41:33 IST" skipped="0">
  <testcase classname="JSONArrayRequestBody.CreateJsonArrayUsingList" name="demo" time="2.215"/>
  <system-out/>
</testsuite> <!-- JSONArrayRequestBody.CreateJsonArrayUsingList -->
