<?xml version="1.0" encoding="UTF-8"?>
<!-- Generated by org.testng.reporters.JUnitReportReporter -->
<testsuite hostname="DESKTOP-2CMKCIE" failures="0" tests="1" name="bddDemo.staticImport" time="1.270" errors="0" timestamp="2023-04-27T10:47:43 IST" skipped="0">
  <testcase classname="bddDemo.staticImport" name="test01" time="1.270"/>
  <system-out/>
</testsuite> <!-- bddDemo.staticImport -->
