<?xml version="1.0" encoding="UTF-8"?>
<!-- Generated by org.testng.reporters.JUnitReportReporter -->
<testsuite hostname="DESKTOP-2CMKCIE" failures="0" tests="1" name="uploadFile.UploadImageasFileDemo" time="4.538" errors="0" timestamp="2023-04-29T13:46:03 IST" skipped="0">
  <testcase classname="uploadFile.UploadImageasFileDemo" name="uploadImage" time="4.538"/>
  <system-out/>
</testsuite> <!-- uploadFile.UploadImageasFileDemo -->
