<?xml version="1.0" encoding="UTF-8"?>
<!-- Generated by org.testng.reporters.JUnitReportReporter -->
<testsuite hostname="DESKTOP-2CMKCIE" failures="0" tests="2" name="MockAPI.Demo" time="2.311" errors="0" timestamp="2023-05-03T10:46:08 IST" skipped="0">
  <testcase classname="MockAPI.Demo" name="demo" time="1.646"/>
  <system-out/>
  <testcase classname="MockAPI.Demo" name="demo2" time="0.665"/>
  <system-out/>
</testsuite> <!-- MockAPI.Demo -->
