<?xml version="1.0" encoding="UTF-8"?>
<!-- Generated by org.testng.reporters.JUnitReportReporter -->
<testsuite hostname="DESKTOP-2CMKCIE" failures="0" tests="1" name="bearerTokenAuthentication.Demo" time="2.580" errors="0" timestamp="2023-04-28T09:57:23 IST" skipped="0">
  <testcase classname="bearerTokenAuthentication.Demo" name="createUser" time="2.580"/>
  <system-out/>
</testsuite> <!-- bearerTokenAuthentication.Demo -->
