<?xml version="1.0" encoding="UTF-8"?>
<!-- Generated by org.testng.reporters.JUnitReportReporter -->
<testsuite hostname="DESKTOP-2CMKCIE" failures="0" tests="1" name="validateJSONResponse.Demo" time="1.790" errors="0" timestamp="2023-04-27T13:26:50 IST" skipped="0">
  <testcase classname="validateJSONResponse.Demo" name="demo" time="1.790"/>
  <system-out/>
</testsuite> <!-- validateJSONResponse.Demo -->
