<?xml version="1.0" encoding="UTF-8"?>
<!-- Generated by org.testng.reporters.JUnitReportReporter -->
<testsuite hostname="DESKTOP-2CMKCIE" failures="0" tests="2" name="ResponseSpecBuilder.Demo" time="7.136" errors="0" timestamp="2023-05-03T11:20:10 IST" skipped="0">
  <testcase classname="ResponseSpecBuilder.Demo" name="getBookingByName" time="2.850"/>
  <system-out/>
  <testcase classname="ResponseSpecBuilder.Demo" name="getBookingById" time="4.286"/>
  <system-out/>
</testsuite> <!-- ResponseSpecBuilder.Demo -->
