<?xml version="1.0" encoding="UTF-8"?>
<!-- Generated by org.testng.reporters.JUnitReportReporter -->
<testsuite hostname="DESKTOP-2CMKCIE" failures="0" tests="1" name="apiKeyAuthentication.Demo" time="1.728" errors="0" timestamp="2023-04-28T10:14:51 IST" skipped="0">
  <testcase classname="apiKeyAuthentication.Demo" name="GetWeatherDataByCity" time="1.728"/>
  <system-out/>
</testsuite> <!-- apiKeyAuthentication.Demo -->
