<?xml version="1.0" encoding="UTF-8"?>
<!-- Generated by org.testng.reporters.JUnitReportReporter -->
<testsuite hostname="DESKTOP-2CMKCIE" failures="0" tests="1" name="createJSONfromPOJOClassArray.CreateJSONFromJavaArray" time="5.048" errors="0" timestamp="2023-05-02T11:56:45 IST" skipped="0">
  <testcase classname="createJSONfromPOJOClassArray.CreateJSONFromJavaArray" name="demoTest" time="5.048"/>
  <system-out/>
</testsuite> <!-- createJSONfromPOJOClassArray.CreateJSONFromJavaArray -->
