<?xml version="1.0" encoding="UTF-8"?>
<!-- Generated by org.testng.reporters.JUnitReportReporter -->
<testsuite hostname="DESKTOP-2CMKCIE" failures="0" tests="1" name="bddDemo.firstBddRequest" time="1.422" errors="0" timestamp="2023-04-27T10:46:10 IST" skipped="0">
  <testcase classname="bddDemo.firstBddRequest" name="test01" time="1.422"/>
  <system-out/>
</testsuite> <!-- bddDemo.firstBddRequest -->
