<?xml version="1.0" encoding="UTF-8"?>
<!-- Generated by org.testng.reporters.JUnitReportReporter -->
<testsuite hostname="DESKTOP-2CMKCIE" failures="0" tests="1" name="validateHttpResponseStatus.getTest" time="1.345" errors="0" timestamp="2023-04-27T11:44:11 IST" skipped="0">
  <testcase classname="validateHttpResponseStatus.getTest" name="test01" time="1.345"/>
  <system-out/>
</testsuite> <!-- validateHttpResponseStatus.getTest -->
